Traceback (most recent call last):
  File "/Users/constantinpierer/opt/miniconda3/lib/python3.9/site-packages/nbclient/client.py", line 778, in _async_poll_for_reply
    msg = await ensure_async(self.kc.shell_channel.get_msg(timeout=new_timeout))
  File "/Users/constantinpierer/opt/miniconda3/lib/python3.9/site-packages/jupyter_core/utils/__init__.py", line 182, in ensure_async
    result = await obj
  File "/Users/constantinpierer/opt/miniconda3/lib/python3.9/site-packages/jupyter_client/channels.py", line 315, in get_msg
    raise Empty
_queue.Empty

During handling of the above exception, another exception occurred:

Traceback (most recent call last):
  File "/Users/constantinpierer/opt/miniconda3/lib/python3.9/site-packages/jupyter_cache/executors/utils.py", line 58, in single_nb_execution
    executenb(
  File "/Users/constantinpierer/opt/miniconda3/lib/python3.9/site-packages/nbclient/client.py", line 1305, in execute
    return NotebookClient(nb=nb, resources=resources, km=km, **kwargs).execute()
  File "/Users/constantinpierer/opt/miniconda3/lib/python3.9/site-packages/jupyter_core/utils/__init__.py", line 166, in wrapped
    return loop.run_until_complete(inner)
  File "/Users/constantinpierer/opt/miniconda3/lib/python3.9/asyncio/base_events.py", line 647, in run_until_complete
    return future.result()
  File "/Users/constantinpierer/opt/miniconda3/lib/python3.9/site-packages/nbclient/client.py", line 705, in async_execute
    await self.async_execute_cell(
  File "/Users/constantinpierer/opt/miniconda3/lib/python3.9/site-packages/nbclient/client.py", line 1001, in async_execute_cell
    exec_reply = await self.task_poll_for_reply
  File "/Users/constantinpierer/opt/miniconda3/lib/python3.9/site-packages/nbclient/client.py", line 802, in _async_poll_for_reply
    error_on_timeout_execute_reply = await self._async_handle_timeout(timeout, cell)
  File "/Users/constantinpierer/opt/miniconda3/lib/python3.9/site-packages/nbclient/client.py", line 852, in _async_handle_timeout
    raise CellTimeoutError.error_from_timeout_and_cell(
nbclient.exceptions.CellTimeoutError: A cell timed out while it was being executed, after 120 seconds.
The message was: Cell execution timed out.
Here is a preview of the cell contents:
-------------------
['from time import sleep', 'for i in range(10000):', '    mss.simulate ( 0.02, 20)', '    for m,mvis in zip(mss.masses, masses):', '        mvis.position = (m.pos[0], m.pos[1], m.pos[2])']
...
['        jointpos.append ([ [pA[0], pA[1], pA[2]], [pB[0], pB[1], pB[2]] ])', '    if jointpos:', '        joints.geometry = LineSegmentsGeometry(positions=jointpos)', '', '    sleep(0.01)']
-------------------

